<?xml version="1.0" encoding="UTF-8"?>
<!-- Generated by org.testng.reporters.JUnitReportReporter -->
<testsuite hostname="DESKTOP-VI7FJJF" name="FirstTestClass" tests="1" failures="0" timestamp="3 Mar 2018 11:21:39 GMT" time="5.712" errors="0">
  <testcase name="launchBrowser" time="5.712" classname="FirstTestClass"/>
</testsuite> <!-- FirstTestClass -->
